# JRE version: OpenJDK Runtime Environment (8.0_76-b03) (build 1.8.0_76-release-b03)
# Java VM: OpenJDK 64-Bit Server VM (25.76-b03 mixed mode windows-amd64 compressed oops)
Heap:
 PSYoungGen      total 403968K, used 283386K [0x00000000e0000000, 0x00000000ffe80000, 0x0000000100000000)
  eden space 297472K, 95% used [0x00000000e0000000,0x00000000f14a6b40,0x00000000f2280000)
  from space 106496K, 0% used [0x00000000f8c80000,0x00000000f8c98000,0x00000000ff480000)
  to   space 108544K, 0% used [0x00000000f2280000,0x00000000f2280000,0x00000000f8c80000)
 ParOldGen       total 423424K, used 291775K [0x00000000a0000000, 0x00000000b9d80000, 0x00000000e0000000)
  object space 423424K, 68% used [0x00000000a0000000,0x00000000b1cefe50,0x00000000b9d80000)
 Metaspace       used 90940K, capacity 100188K, committed 106624K, reserved 1140736K
  class space    used 11617K, capacity 13237K, committed 14720K, reserved 1048576K
GC Heap History (10 events):
Event: 3066.920 GC heap before
{Heap before GC invocations=94 (full 17):
 PSYoungGen      total 390144K, used 286333K [0x00000000e0000000, 0x00000000ff600000, 0x0000000100000000)
  eden space 265216K, 100% used [0x00000000e0000000,0x00000000f0300000,0x00000000f0300000)
  from space 124928K, 16% used [0x00000000f7c00000,0x00000000f909f400,0x00000000ff600000)
  to   space 123904K, 0% used [0x00000000f0300000,0x00000000f0300000,0x00000000f7c00000)
 ParOldGen       total 465920K, used 402599K [0x00000000a0000000, 0x00000000bc700000, 0x00000000e0000000)
  object space 465920K, 86% used [0x00000000a0000000,0x00000000b8929f88,0x00000000bc700000)
 Metaspace       used 90937K, capacity 100188K, committed 106624K, reserved 1140736K
  class space    used 11617K, capacity 13237K, committed 14720K, reserved 1048576K
Event: 3067.055 GC heap after
Heap after GC invocations=94 (full 17):
 PSYoungGen      total 389120K, used 37562K [0x00000000e0000000, 0x00000000ff400000, 0x0000000100000000)
  eden space 265216K, 0% used [0x00000000e0000000,0x00000000e0000000,0x00000000f0300000)
  from space 123904K, 30% used [0x00000000f0300000,0x00000000f27aead8,0x00000000f7c00000)
  to   space 118272K, 0% used [0x00000000f8080000,0x00000000f8080000,0x00000000ff400000)
 ParOldGen       total 465920K, used 414976K [0x00000000a0000000, 0x00000000bc700000, 0x00000000e0000000)
  object space 465920K, 89% used [0x00000000a0000000,0x00000000b95400a8,0x00000000bc700000)
 Metaspace       used 90937K, capacity 100188K, committed 106624K, reserved 1140736K
  class space    used 11617K, capacity 13237K, committed 14720K, reserved 1048576K
}
Event: 3067.579 GC heap before
{Heap before GC invocations=95 (full 17):
 PSYoungGen      total 389120K, used 302778K [0x00000000e0000000, 0x00000000ff400000, 0x0000000100000000)
  eden space 265216K, 100% used [0x00000000e0000000,0x00000000f0300000,0x00000000f0300000)
  from space 123904K, 30% used [0x00000000f0300000,0x00000000f27aead8,0x00000000f7c00000)
  to   space 118272K, 0% used [0x00000000f8080000,0x00000000f8080000,0x00000000ff400000)
 ParOldGen       total 465920K, used 414976K [0x00000000a0000000, 0x00000000bc700000, 0x00000000e0000000)
  object space 465920K, 89% used [0x00000000a0000000,0x00000000b95400a8,0x00000000bc700000)
 Metaspace       used 90937K, capacity 100188K, committed 106624K, reserved 1140736K
  class space    used 11617K, capacity 13237K, committed 14720K, reserved 1048576K
Event: 3067.752 GC heap after
Heap after GC invocations=95 (full 17):
 PSYoungGen      total 394240K, used 41538K [0x00000000e0000000, 0x00000000fee80000, 0x0000000100000000)
  eden space 281600K, 0% used [0x00000000e0000000,0x00000000e0000000,0x00000000f1300000)
  from space 112640K, 36% used [0x00000000f8080000,0x00000000fa910b10,0x00000000fee80000)
  to   space 112128K, 0% used [0x00000000f1300000,0x00000000f1300000,0x00000000f8080000)
 ParOldGen       total 465920K, used 452172K [0x00000000a0000000, 0x00000000bc700000, 0x00000000e0000000)
  object space 465920K, 97% used [0x00000000a0000000,0x00000000bb993340,0x00000000bc700000)
 Metaspace       used 90937K, capacity 100188K, committed 106624K, reserved 1140736K
  class space    used 11617K, capacity 13237K, committed 14720K, reserved 1048576K
}
Event: 3067.752 GC heap before
{Heap before GC invocations=96 (full 18):
 PSYoungGen      total 394240K, used 41538K [0x00000000e0000000, 0x00000000fee80000, 0x0000000100000000)
  eden space 281600K, 0% used [0x00000000e0000000,0x00000000e0000000,0x00000000f1300000)
  from space 112640K, 36% used [0x00000000f8080000,0x00000000fa910b10,0x00000000fee80000)
  to   space 112128K, 0% used [0x00000000f1300000,0x00000000f1300000,0x00000000f8080000)
 ParOldGen       total 465920K, used 452172K [0x00000000a0000000, 0x00000000bc700000, 0x00000000e0000000)
  object space 465920K, 97% used [0x00000000a0000000,0x00000000bb993340,0x00000000bc700000)
 Metaspace       used 90937K, capacity 100188K, committed 106624K, reserved 1140736K
  class space    used 11617K, capacity 13237K, committed 14720K, reserved 1048576K
Event: 3069.552 GC heap after
Heap after GC invocations=96 (full 18):
 PSYoungGen      total 394240K, used 0K [0x00000000e0000000, 0x00000000fee80000, 0x0000000100000000)
  eden space 281600K, 0% used [0x00000000e0000000,0x00000000e0000000,0x00000000f1300000)
  from space 112640K, 0% used [0x00000000f8080000,0x00000000f8080000,0x00000000fee80000)
  to   space 112128K, 0% used [0x00000000f1300000,0x00000000f1300000,0x00000000f8080000)
 ParOldGen       total 423424K, used 253161K [0x00000000a0000000, 0x00000000b9d80000, 0x00000000e0000000)
  object space 423424K, 59% used [0x00000000a0000000,0x00000000af73a5c0,0x00000000b9d80000)
 Metaspace       used 90937K, capacity 100188K, committed 106624K, reserved 1140736K
  class space    used 11617K, capacity 13237K, committed 14720K, reserved 1048576K
}
Event: 3070.467 GC heap before
{Heap before GC invocations=97 (full 18):
 PSYoungGen      total 394240K, used 281600K [0x00000000e0000000, 0x00000000fee80000, 0x0000000100000000)
  eden space 281600K, 100% used [0x00000000e0000000,0x00000000f1300000,0x00000000f1300000)
  from space 112640K, 0% used [0x00000000f8080000,0x00000000f8080000,0x00000000fee80000)
  to   space 112128K, 0% used [0x00000000f1300000,0x00000000f1300000,0x00000000f8080000)
 ParOldGen       total 423424K, used 253434K [0x00000000a0000000, 0x00000000b9d80000, 0x00000000e0000000)
  object space 423424K, 59% used [0x00000000a0000000,0x00000000af77ea68,0x00000000b9d80000)
 Metaspace       used 90938K, capacity 100188K, committed 106624K, reserved 1140736K
  class space    used 11617K, capacity 13237K, committed 14720K, reserved 1048576K
Event: 3070.583 GC heap after
Heap after GC invocations=97 (full 18):
 PSYoungGen      total 393728K, used 40062K [0x00000000e0000000, 0x00000000ff480000, 0x0000000100000000)
  eden space 281600K, 0% used [0x00000000e0000000,0x00000000e0000000,0x00000000f1300000)
  from space 112128K, 35% used [0x00000000f1300000,0x00000000f3a1fa48,0x00000000f8080000)
  to   space 106496K, 0% used [0x00000000f8c80000,0x00000000f8c80000,0x00000000ff480000)
 ParOldGen       total 423424K, used 253434K [0x00000000a0000000, 0x00000000b9d80000, 0x00000000e0000000)
  object space 423424K, 59% used [0x00000000a0000000,0x00000000af77ea68,0x00000000b9d80000)
 Metaspace       used 90938K, capacity 100188K, committed 106624K, reserved 1140736K
  class space    used 11617K, capacity 13237K, committed 14720K, reserved 1048576K
}
Event: 3070.585 GC heap before
{Heap before GC invocations=98 (full 18):
 PSYoungGen      total 393728K, used 40341K [0x00000000e0000000, 0x00000000ff480000, 0x0000000100000000)
  eden space 281600K, 0% used [0x00000000e0000000,0x00000000e0045b90,0x00000000f1300000)
  from space 112128K, 35% used [0x00000000f1300000,0x00000000f3a1fa48,0x00000000f8080000)
  to   space 106496K, 0% used [0x00000000f8c80000,0x00000000f8c80000,0x00000000ff480000)
 ParOldGen       total 423424K, used 253434K [0x00000000a0000000, 0x00000000b9d80000, 0x00000000e0000000)
  object space 423424K, 59% used [0x00000000a0000000,0x00000000af77ea68,0x00000000b9d80000)
 Metaspace       used 90938K, capacity 100188K, committed 106624K, reserved 1140736K
  class space    used 11617K, capacity 13237K, committed 14720K, reserved 1048576K
Event: 3070.705 GC heap after
Heap after GC invocations=98 (full 18):
 PSYoungGen      total 403968K, used 96K [0x00000000e0000000, 0x00000000ffe80000, 0x0000000100000000)
  eden space 297472K, 0% used [0x00000000e0000000,0x00000000e0000000,0x00000000f2280000)
  from space 106496K, 0% used [0x00000000f8c80000,0x00000000f8c98000,0x00000000ff480000)
  to   space 108544K, 0% used [0x00000000f2280000,0x00000000f2280000,0x00000000f8c80000)
 ParOldGen       total 423424K, used 291775K [0x00000000a0000000, 0x00000000b9d80000, 0x00000000e0000000)
  object space 423424K, 68% used [0x00000000a0000000,0x00000000b1cefe50,0x00000000b9d80000)
 Metaspace       used 90938K, capacity 100188K, committed 106624K, reserved 1140736K
  class space    used 11617K, capacity 13237K, committed 14720K, reserved 1048576K
}

