# JRE version: OpenJDK Runtime Environment (8.0_76-b03) (build 1.8.0_76-release-b03)
# Java VM: OpenJDK 64-Bit Server VM (25.76-b03 mixed mode windows-amd64 compressed oops)
Heap:
 PSYoungGen      total 429568K, used 62673K [0x00000000e0000000, 0x0000000100000000, 0x0000000100000000)
  eden space 366592K, 0% used [0x00000000e0000000,0x00000000e0000000,0x00000000f6600000)
  from space 62976K, 99% used [0x00000000f6600000,0x00000000fa334780,0x00000000fa380000)
  to   space 85504K, 0% used [0x00000000fac80000,0x00000000fac80000,0x0000000100000000)
 ParOldGen       total 194560K, used 188581K [0x00000000a0000000, 0x00000000abe00000, 0x00000000e0000000)
  object space 194560K, 96% used [0x00000000a0000000,0x00000000ab829478,0x00000000abe00000)
 Metaspace       used 70489K, capacity 72308K, committed 72576K, reserved 1112064K
  class space    used 8909K, capacity 9335K, committed 9344K, reserved 1048576K
GC Heap History (10 events):
Event: 336.391 GC heap after
Heap after GC invocations=26 (full 4):
 PSYoungGen      total 468992K, used 28205K [0x00000000e0000000, 0x0000000100000000, 0x0000000100000000)
  eden space 412672K, 0% used [0x00000000e0000000,0x00000000e0000000,0x00000000f9300000)
  from space 56320K, 50% used [0x00000000fc900000,0x00000000fe48b658,0x0000000100000000)
  to   space 55296K, 0% used [0x00000000f9300000,0x00000000f9300000,0x00000000fc900000)
 ParOldGen       total 185344K, used 161018K [0x00000000a0000000, 0x00000000ab500000, 0x00000000e0000000)
  object space 185344K, 86% used [0x00000000a0000000,0x00000000a9d3e9f8,0x00000000ab500000)
 Metaspace       used 70457K, capacity 72308K, committed 72576K, reserved 1112064K
  class space    used 8909K, capacity 9335K, committed 9344K, reserved 1048576K
}
Event: 336.391 GC heap before
{Heap before GC invocations=27 (full 5):
 PSYoungGen      total 468992K, used 28205K [0x00000000e0000000, 0x0000000100000000, 0x0000000100000000)
  eden space 412672K, 0% used [0x00000000e0000000,0x00000000e0000000,0x00000000f9300000)
  from space 56320K, 50% used [0x00000000fc900000,0x00000000fe48b658,0x0000000100000000)
  to   space 55296K, 0% used [0x00000000f9300000,0x00000000f9300000,0x00000000fc900000)
 ParOldGen       total 185344K, used 161018K [0x00000000a0000000, 0x00000000ab500000, 0x00000000e0000000)
  object space 185344K, 86% used [0x00000000a0000000,0x00000000a9d3e9f8,0x00000000ab500000)
 Metaspace       used 70457K, capacity 72308K, committed 72576K, reserved 1112064K
  class space    used 8909K, capacity 9335K, committed 9344K, reserved 1048576K
Event: 336.965 GC heap after
Heap after GC invocations=27 (full 5):
 PSYoungGen      total 468992K, used 0K [0x00000000e0000000, 0x0000000100000000, 0x0000000100000000)
  eden space 412672K, 0% used [0x00000000e0000000,0x00000000e0000000,0x00000000f9300000)
  from space 56320K, 0% used [0x00000000fc900000,0x00000000fc900000,0x0000000100000000)
  to   space 55296K, 0% used [0x00000000f9300000,0x00000000f9300000,0x00000000fc900000)
 ParOldGen       total 194560K, used 97226K [0x00000000a0000000, 0x00000000abe00000, 0x00000000e0000000)
  object space 194560K, 49% used [0x00000000a0000000,0x00000000a5ef2940,0x00000000abe00000)
 Metaspace       used 70457K, capacity 72308K, committed 72576K, reserved 1112064K
  class space    used 8909K, capacity 9335K, committed 9344K, reserved 1048576K
}
Event: 339.143 GC heap before
{Heap before GC invocations=28 (full 5):
 PSYoungGen      total 468992K, used 412672K [0x00000000e0000000, 0x0000000100000000, 0x0000000100000000)
  eden space 412672K, 100% used [0x00000000e0000000,0x00000000f9300000,0x00000000f9300000)
  from space 56320K, 0% used [0x00000000fc900000,0x00000000fc900000,0x0000000100000000)
  to   space 55296K, 0% used [0x00000000f9300000,0x00000000f9300000,0x00000000fc900000)
 ParOldGen       total 194560K, used 97226K [0x00000000a0000000, 0x00000000abe00000, 0x00000000e0000000)
  object space 194560K, 49% used [0x00000000a0000000,0x00000000a5ef2940,0x00000000abe00000)
 Metaspace       used 70475K, capacity 72308K, committed 72576K, reserved 1112064K
  class space    used 8909K, capacity 9335K, committed 9344K, reserved 1048576K
Event: 339.253 GC heap after
Heap after GC invocations=28 (full 5):
 PSYoungGen      total 467968K, used 35095K [0x00000000e0000000, 0x0000000100000000, 0x0000000100000000)
  eden space 412672K, 0% used [0x00000000e0000000,0x00000000e0000000,0x00000000f9300000)
  from space 55296K, 63% used [0x00000000f9300000,0x00000000fb545e58,0x00000000fc900000)
  to   space 56320K, 0% used [0x00000000fc900000,0x00000000fc900000,0x0000000100000000)
 ParOldGen       total 194560K, used 97234K [0x00000000a0000000, 0x00000000abe00000, 0x00000000e0000000)
  object space 194560K, 49% used [0x00000000a0000000,0x00000000a5ef4940,0x00000000abe00000)
 Metaspace       used 70475K, capacity 72308K, committed 72576K, reserved 1112064K
  class space    used 8909K, capacity 9335K, committed 9344K, reserved 1048576K
}
Event: 340.887 GC heap before
{Heap before GC invocations=29 (full 5):
 PSYoungGen      total 467968K, used 447767K [0x00000000e0000000, 0x0000000100000000, 0x0000000100000000)
  eden space 412672K, 100% used [0x00000000e0000000,0x00000000f9300000,0x00000000f9300000)
  from space 55296K, 63% used [0x00000000f9300000,0x00000000fb545e58,0x00000000fc900000)
  to   space 56320K, 0% used [0x00000000fc900000,0x00000000fc900000,0x0000000100000000)
 ParOldGen       total 194560K, used 97234K [0x00000000a0000000, 0x00000000abe00000, 0x00000000e0000000)
  object space 194560K, 49% used [0x00000000a0000000,0x00000000a5ef4940,0x00000000abe00000)
 Metaspace       used 70484K, capacity 72308K, committed 72576K, reserved 1112064K
  class space    used 8909K, capacity 9335K, committed 9344K, reserved 1048576K
Event: 341.082 GC heap after
Heap after GC invocations=29 (full 5):
 PSYoungGen      total 422912K, used 56316K [0x00000000e0000000, 0x0000000100000000, 0x0000000100000000)
  eden space 366592K, 0% used [0x00000000e0000000,0x00000000e0000000,0x00000000f6600000)
  from space 56320K, 99% used [0x00000000fc900000,0x00000000fffff170,0x0000000100000000)
  to   space 78848K, 0% used [0x00000000f6600000,0x00000000f6600000,0x00000000fb300000)
 ParOldGen       total 194560K, used 133522K [0x00000000a0000000, 0x00000000abe00000, 0x00000000e0000000)
  object space 194560K, 68% used [0x00000000a0000000,0x00000000a8264aa8,0x00000000abe00000)
 Metaspace       used 70484K, capacity 72308K, committed 72576K, reserved 1112064K
  class space    used 8909K, capacity 9335K, committed 9344K, reserved 1048576K
}
Event: 342.312 GC heap before
{Heap before GC invocations=30 (full 5):
 PSYoungGen      total 422912K, used 422908K [0x00000000e0000000, 0x0000000100000000, 0x0000000100000000)
  eden space 366592K, 100% used [0x00000000e0000000,0x00000000f6600000,0x00000000f6600000)
  from space 56320K, 99% used [0x00000000fc900000,0x00000000fffff170,0x0000000100000000)
  to   space 78848K, 0% used [0x00000000f6600000,0x00000000f6600000,0x00000000fb300000)
 ParOldGen       total 194560K, used 133522K [0x00000000a0000000, 0x00000000abe00000, 0x00000000e0000000)
  object space 194560K, 68% used [0x00000000a0000000,0x00000000a8264aa8,0x00000000abe00000)
 Metaspace       used 70489K, capacity 72308K, committed 72576K, reserved 1112064K
  class space    used 8909K, capacity 9335K, committed 9344K, reserved 1048576K
Event: 342.605 GC heap after
Heap after GC invocations=30 (full 5):
 PSYoungGen      total 429568K, used 62673K [0x00000000e0000000, 0x0000000100000000, 0x0000000100000000)
  eden space 366592K, 0% used [0x00000000e0000000,0x00000000e0000000,0x00000000f6600000)
  from space 62976K, 99% used [0x00000000f6600000,0x00000000fa334780,0x00000000fa380000)
  to   space 85504K, 0% used [0x00000000fac80000,0x00000000fac80000,0x0000000100000000)
 ParOldGen       total 194560K, used 188581K [0x00000000a0000000, 0x00000000abe00000, 0x00000000e0000000)
  object space 194560K, 96% used [0x00000000a0000000,0x00000000ab829478,0x00000000abe00000)
 Metaspace       used 70489K, capacity 72308K, committed 72576K, reserved 1112064K
  class space    used 8909K, capacity 9335K, committed 9344K, reserved 1048576K
}
Event: 342.605 GC heap before
{Heap before GC invocations=31 (full 6):
 PSYoungGen      total 429568K, used 62673K [0x00000000e0000000, 0x0000000100000000, 0x0000000100000000)
  eden space 366592K, 0% used [0x00000000e0000000,0x00000000e0000000,0x00000000f6600000)
  from space 62976K, 99% used [0x00000000f6600000,0x00000000fa334780,0x00000000fa380000)
  to   space 85504K, 0% used [0x00000000fac80000,0x00000000fac80000,0x0000000100000000)
 ParOldGen       total 194560K, used 188581K [0x00000000a0000000, 0x00000000abe00000, 0x00000000e0000000)
  object space 194560K, 96% used [0x00000000a0000000,0x00000000ab829478,0x00000000abe00000)
 Metaspace       used 70489K, capacity 72308K, committed 72576K, reserved 1112064K
  class space    used 8909K, capacity 9335K, committed 9344K, reserved 1048576K

