# JRE version: OpenJDK Runtime Environment (8.0_76-b03) (build 1.8.0_76-release-b03)
# Java VM: OpenJDK 64-Bit Server VM (25.76-b03 mixed mode windows-amd64 compressed oops)
Heap:
 PSYoungGen      total 440832K, used 383885K [0x00000000e0000000, 0x0000000100000000, 0x0000000100000000)
  eden space 372736K, 100% used [0x00000000e0000000,0x00000000f6c00000,0x00000000f6c00000)
  from space 68096K, 16% used [0x00000000fbd80000,0x00000000fc8636e8,0x0000000100000000)
  to   space 75776K, 25% used [0x00000000f6c00000,0x00000000f7e8a358,0x00000000fb600000)
 ParOldGen       total 368640K, used 186767K [0x00000000a0000000, 0x00000000b6800000, 0x00000000e0000000)
  object space 368640K, 50% used [0x00000000a0000000,0x00000000ab663e40,0x00000000b6800000)
 Metaspace       used 67259K, capacity 69160K, committed 69376K, reserved 1110016K
  class space    used 8506K, capacity 8937K, committed 8960K, reserved 1048576K
GC Heap History (10 events):
Event: 78.871 GC heap after
Heap after GC invocations=22 (full 3):
 PSYoungGen      total 459776K, used 32426K [0x00000000e0000000, 0x0000000100000000, 0x0000000100000000)
  eden space 395264K, 0% used [0x00000000e0000000,0x00000000e0000000,0x00000000f8200000)
  from space 64512K, 50% used [0x00000000f8200000,0x00000000fa1aa9a0,0x00000000fc100000)
  to   space 62464K, 0% used [0x00000000fc300000,0x00000000fc300000,0x0000000100000000)
 ParOldGen       total 182784K, used 91875K [0x00000000a0000000, 0x00000000ab280000, 0x00000000e0000000)
  object space 182784K, 50% used [0x00000000a0000000,0x00000000a59b8e20,0x00000000ab280000)
 Metaspace       used 67211K, capacity 69142K, committed 69376K, reserved 1110016K
  class space    used 8511K, capacity 8948K, committed 8960K, reserved 1048576K
}
Event: 80.366 GC heap before
{Heap before GC invocations=23 (full 3):
 PSYoungGen      total 459776K, used 427690K [0x00000000e0000000, 0x0000000100000000, 0x0000000100000000)
  eden space 395264K, 100% used [0x00000000e0000000,0x00000000f8200000,0x00000000f8200000)
  from space 64512K, 50% used [0x00000000f8200000,0x00000000fa1aa9a0,0x00000000fc100000)
  to   space 62464K, 0% used [0x00000000fc300000,0x00000000fc300000,0x0000000100000000)
 ParOldGen       total 182784K, used 91875K [0x00000000a0000000, 0x00000000ab280000, 0x00000000e0000000)
  object space 182784K, 50% used [0x00000000a0000000,0x00000000a59b8e20,0x00000000ab280000)
 Metaspace       used 67244K, capacity 69206K, committed 69376K, reserved 1110016K
  class space    used 8511K, capacity 8948K, committed 8960K, reserved 1048576K
Event: 80.450 GC heap after
Heap after GC invocations=23 (full 3):
 PSYoungGen      total 457728K, used 36247K [0x00000000e0000000, 0x00000000ffe00000, 0x0000000100000000)
  eden space 397312K, 0% used [0x00000000e0000000,0x00000000e0000000,0x00000000f8400000)
  from space 60416K, 59% used [0x00000000fc300000,0x00000000fe665d10,0x00000000ffe00000)
  to   space 62464K, 0% used [0x00000000f8400000,0x00000000f8400000,0x00000000fc100000)
 ParOldGen       total 182784K, used 98171K [0x00000000a0000000, 0x00000000ab280000, 0x00000000e0000000)
  object space 182784K, 53% used [0x00000000a0000000,0x00000000a5fdeda8,0x00000000ab280000)
 Metaspace       used 67244K, capacity 69206K, committed 69376K, reserved 1110016K
  class space    used 8511K, capacity 8948K, committed 8960K, reserved 1048576K
}
Event: 81.827 GC heap before
{Heap before GC invocations=24 (full 3):
 PSYoungGen      total 457728K, used 433559K [0x00000000e0000000, 0x00000000ffe00000, 0x0000000100000000)
  eden space 397312K, 100% used [0x00000000e0000000,0x00000000f8400000,0x00000000f8400000)
  from space 60416K, 59% used [0x00000000fc300000,0x00000000fe665d10,0x00000000ffe00000)
  to   space 62464K, 0% used [0x00000000f8400000,0x00000000f8400000,0x00000000fc100000)
 ParOldGen       total 182784K, used 98171K [0x00000000a0000000, 0x00000000ab280000, 0x00000000e0000000)
  object space 182784K, 53% used [0x00000000a0000000,0x00000000a5fdeda8,0x00000000ab280000)
 Metaspace       used 67258K, capacity 69206K, committed 69376K, reserved 1110016K
  class space    used 8511K, capacity 8948K, committed 8960K, reserved 1048576K
Event: 82.007 GC heap after
Heap after GC invocations=24 (full 3):
 PSYoungGen      total 456192K, used 58396K [0x00000000e0000000, 0x0000000100000000, 0x0000000100000000)
  eden space 397312K, 0% used [0x00000000e0000000,0x00000000e0000000,0x00000000f8400000)
  from space 58880K, 99% used [0x00000000f8400000,0x00000000fbd070c8,0x00000000fbd80000)
  to   space 68096K, 0% used [0x00000000fbd80000,0x00000000fbd80000,0x0000000100000000)
 ParOldGen       total 182784K, used 128113K [0x00000000a0000000, 0x00000000ab280000, 0x00000000e0000000)
  object space 182784K, 70% used [0x00000000a0000000,0x00000000a7d1c7c8,0x00000000ab280000)
 Metaspace       used 67258K, capacity 69206K, committed 69376K, reserved 1110016K
  class space    used 8511K, capacity 8948K, committed 8960K, reserved 1048576K
}
Event: 83.199 GC heap before
{Heap before GC invocations=25 (full 3):
 PSYoungGen      total 456192K, used 455708K [0x00000000e0000000, 0x0000000100000000, 0x0000000100000000)
  eden space 397312K, 100% used [0x00000000e0000000,0x00000000f8400000,0x00000000f8400000)
  from space 58880K, 99% used [0x00000000f8400000,0x00000000fbd070c8,0x00000000fbd80000)
  to   space 68096K, 0% used [0x00000000fbd80000,0x00000000fbd80000,0x0000000100000000)
 ParOldGen       total 182784K, used 128113K [0x00000000a0000000, 0x00000000ab280000, 0x00000000e0000000)
  object space 182784K, 70% used [0x00000000a0000000,0x00000000a7d1c7c8,0x00000000ab280000)
 Metaspace       used 67266K, capacity 69206K, committed 69376K, reserved 1110016K
  class space    used 8512K, capacity 8948K, committed 8960K, reserved 1048576K
Event: 83.398 GC heap after
Heap after GC invocations=25 (full 3):
 PSYoungGen      total 440832K, used 57931K [0x00000000e0000000, 0x0000000100000000, 0x0000000100000000)
  eden space 372736K, 0% used [0x00000000e0000000,0x00000000e0000000,0x00000000f6c00000)
  from space 68096K, 85% used [0x00000000fbd80000,0x00000000ff612f88,0x0000000100000000)
  to   space 75776K, 0% used [0x00000000f6c00000,0x00000000f6c00000,0x00000000fb600000)
 ParOldGen       total 182784K, used 177422K [0x00000000a0000000, 0x00000000ab280000, 0x00000000e0000000)
  object space 182784K, 97% used [0x00000000a0000000,0x00000000aad439c8,0x00000000ab280000)
 Metaspace       used 67266K, capacity 69206K, committed 69376K, reserved 1110016K
  class space    used 8512K, capacity 8948K, committed 8960K, reserved 1048576K
}
Event: 83.398 GC heap before
{Heap before GC invocations=26 (full 4):
 PSYoungGen      total 440832K, used 57931K [0x00000000e0000000, 0x0000000100000000, 0x0000000100000000)
  eden space 372736K, 0% used [0x00000000e0000000,0x00000000e0000000,0x00000000f6c00000)
  from space 68096K, 85% used [0x00000000fbd80000,0x00000000ff612f88,0x0000000100000000)
  to   space 75776K, 0% used [0x00000000f6c00000,0x00000000f6c00000,0x00000000fb600000)
 ParOldGen       total 182784K, used 177422K [0x00000000a0000000, 0x00000000ab280000, 0x00000000e0000000)
  object space 182784K, 97% used [0x00000000a0000000,0x00000000aad439c8,0x00000000ab280000)
 Metaspace       used 67266K, capacity 69206K, committed 69376K, reserved 1110016K
  class space    used 8512K, capacity 8948K, committed 8960K, reserved 1048576K
Event: 84.935 GC heap after
Heap after GC invocations=26 (full 4):
 PSYoungGen      total 440832K, used 11149K [0x00000000e0000000, 0x0000000100000000, 0x0000000100000000)
  eden space 372736K, 0% used [0x00000000e0000000,0x00000000e0000000,0x00000000f6c00000)
  from space 68096K, 16% used [0x00000000fbd80000,0x00000000fc8636e8,0x0000000100000000)
  to   space 75776K, 0% used [0x00000000f6c00000,0x00000000f6c00000,0x00000000fb600000)
 ParOldGen       total 368640K, used 182527K [0x00000000a0000000, 0x00000000b6800000, 0x00000000e0000000)
  object space 368640K, 49% used [0x00000000a0000000,0x00000000ab23fe40,0x00000000b6800000)
 Metaspace       used 67248K, capacity 69160K, committed 69376K, reserved 1110016K
  class space    used 8506K, capacity 8937K, committed 8960K, reserved 1048576K
}
Event: 86.181 GC heap before
{Heap before GC invocations=27 (full 4):
 PSYoungGen      total 440832K, used 383885K [0x00000000e0000000, 0x0000000100000000, 0x0000000100000000)
  eden space 372736K, 100% used [0x00000000e0000000,0x00000000f6c00000,0x00000000f6c00000)
  from space 68096K, 16% used [0x00000000fbd80000,0x00000000fc8636e8,0x0000000100000000)
  to   space 75776K, 0% used [0x00000000f6c00000,0x00000000f6c00000,0x00000000fb600000)
 ParOldGen       total 368640K, used 182527K [0x00000000a0000000, 0x00000000b6800000, 0x00000000e0000000)
  object space 368640K, 49% used [0x00000000a0000000,0x00000000ab23fe40,0x00000000b6800000)
 Metaspace       used 67259K, capacity 69160K, committed 69376K, reserved 1110016K
  class space    used 8506K, capacity 8937K, committed 8960K, reserved 1048576K

