# JRE version: OpenJDK Runtime Environment (8.0_76-b03) (build 1.8.0_76-release-b03)
# Java VM: OpenJDK 64-Bit Server VM (25.76-b03 mixed mode windows-amd64 compressed oops)
Heap:
 PSYoungGen      total 450048K, used 441106K [0x00000000e0000000, 0x0000000100000000, 0x0000000100000000)
  eden space 388096K, 100% used [0x00000000e0000000,0x00000000f7b00000,0x00000000f7b00000)
  from space 61952K, 85% used [0x00000000fc380000,0x00000000ff744b98,0x0000000100000000)
  to   space 68096K, 55% used [0x00000000f7b00000,0x00000000f9fff788,0x00000000fbd80000)
 ParOldGen       total 425472K, used 308274K [0x00000000a0000000, 0x00000000b9f80000, 0x00000000e0000000)
  object space 425472K, 72% used [0x00000000a0000000,0x00000000b2d0c9d8,0x00000000b9f80000)
 Metaspace       used 75179K, capacity 78346K, committed 78592K, reserved 1118208K
  class space    used 9860K, capacity 10645K, committed 10752K, reserved 1048576K
GC Heap History (10 events):
Event: 1312.726 GC heap after
Heap after GC invocations=34 (full 5):
 PSYoungGen      total 338944K, used 39422K [0x00000000e0000000, 0x00000000fc980000, 0x0000000100000000)
  eden space 299520K, 0% used [0x00000000e0000000,0x00000000e0000000,0x00000000f2480000)
  from space 39424K, 99% used [0x00000000f2480000,0x00000000f4affba0,0x00000000f4b00000)
  to   space 48640K, 0% used [0x00000000f9a00000,0x00000000f9a00000,0x00000000fc980000)
 ParOldGen       total 284672K, used 163680K [0x00000000a0000000, 0x00000000b1600000, 0x00000000e0000000)
  object space 284672K, 57% used [0x00000000a0000000,0x00000000a9fd81b8,0x00000000b1600000)
 Metaspace       used 75145K, capacity 78346K, committed 78592K, reserved 1118208K
  class space    used 9859K, capacity 10645K, committed 10752K, reserved 1048576K
}
Event: 1313.672 GC heap before
{Heap before GC invocations=35 (full 5):
 PSYoungGen      total 338944K, used 338942K [0x00000000e0000000, 0x00000000fc980000, 0x0000000100000000)
  eden space 299520K, 100% used [0x00000000e0000000,0x00000000f2480000,0x00000000f2480000)
  from space 39424K, 99% used [0x00000000f2480000,0x00000000f4affba0,0x00000000f4b00000)
  to   space 48640K, 0% used [0x00000000f9a00000,0x00000000f9a00000,0x00000000fc980000)
 ParOldGen       total 284672K, used 163680K [0x00000000a0000000, 0x00000000b1600000, 0x00000000e0000000)
  object space 284672K, 57% used [0x00000000a0000000,0x00000000a9fd81b8,0x00000000b1600000)
 Metaspace       used 75152K, capacity 78346K, committed 78592K, reserved 1118208K
  class space    used 9859K, capacity 10645K, committed 10752K, reserved 1048576K
Event: 1313.855 GC heap after
Heap after GC invocations=35 (full 5):
 PSYoungGen      total 413696K, used 46812K [0x00000000e0000000, 0x00000000fd780000, 0x0000000100000000)
  eden space 365056K, 0% used [0x00000000e0000000,0x00000000e0000000,0x00000000f6480000)
  from space 48640K, 96% used [0x00000000f9a00000,0x00000000fc7b7030,0x00000000fc980000)
  to   space 54784K, 0% used [0x00000000f6480000,0x00000000f6480000,0x00000000f9a00000)
 ParOldGen       total 284672K, used 202725K [0x00000000a0000000, 0x00000000b1600000, 0x00000000e0000000)
  object space 284672K, 71% used [0x00000000a0000000,0x00000000ac5f97f0,0x00000000b1600000)
 Metaspace       used 75152K, capacity 78346K, committed 78592K, reserved 1118208K
  class space    used 9859K, capacity 10645K, committed 10752K, reserved 1048576K
}
Event: 1314.958 GC heap before
{Heap before GC invocations=36 (full 5):
 PSYoungGen      total 413696K, used 411868K [0x00000000e0000000, 0x00000000fd780000, 0x0000000100000000)
  eden space 365056K, 100% used [0x00000000e0000000,0x00000000f6480000,0x00000000f6480000)
  from space 48640K, 96% used [0x00000000f9a00000,0x00000000fc7b7030,0x00000000fc980000)
  to   space 54784K, 0% used [0x00000000f6480000,0x00000000f6480000,0x00000000f9a00000)
 ParOldGen       total 284672K, used 202725K [0x00000000a0000000, 0x00000000b1600000, 0x00000000e0000000)
  object space 284672K, 71% used [0x00000000a0000000,0x00000000ac5f97f0,0x00000000b1600000)
 Metaspace       used 75163K, capacity 78346K, committed 78592K, reserved 1118208K
  class space    used 9859K, capacity 10645K, committed 10752K, reserved 1048576K
Event: 1315.207 GC heap after
Heap after GC invocations=36 (full 5):
 PSYoungGen      total 419840K, used 52770K [0x00000000e0000000, 0x0000000100000000, 0x0000000100000000)
  eden space 365056K, 0% used [0x00000000e0000000,0x00000000e0000000,0x00000000f6480000)
  from space 54784K, 96% used [0x00000000f6480000,0x00000000f9808810,0x00000000f9a00000)
  to   space 61952K, 0% used [0x00000000fc380000,0x00000000fc380000,0x0000000100000000)
 ParOldGen       total 284672K, used 246000K [0x00000000a0000000, 0x00000000b1600000, 0x00000000e0000000)
  object space 284672K, 86% used [0x00000000a0000000,0x00000000af03c138,0x00000000b1600000)
 Metaspace       used 75163K, capacity 78346K, committed 78592K, reserved 1118208K
  class space    used 9859K, capacity 10645K, committed 10752K, reserved 1048576K
}
Event: 1315.207 GC heap before
{Heap before GC invocations=37 (full 6):
 PSYoungGen      total 419840K, used 52770K [0x00000000e0000000, 0x0000000100000000, 0x0000000100000000)
  eden space 365056K, 0% used [0x00000000e0000000,0x00000000e0000000,0x00000000f6480000)
  from space 54784K, 96% used [0x00000000f6480000,0x00000000f9808810,0x00000000f9a00000)
  to   space 61952K, 0% used [0x00000000fc380000,0x00000000fc380000,0x0000000100000000)
 ParOldGen       total 284672K, used 246000K [0x00000000a0000000, 0x00000000b1600000, 0x00000000e0000000)
  object space 284672K, 86% used [0x00000000a0000000,0x00000000af03c138,0x00000000b1600000)
 Metaspace       used 75163K, capacity 78346K, committed 78592K, reserved 1118208K
  class space    used 9859K, capacity 10645K, committed 10752K, reserved 1048576K
Event: 1316.888 GC heap after
Heap after GC invocations=37 (full 6):
 PSYoungGen      total 419840K, used 0K [0x00000000e0000000, 0x0000000100000000, 0x0000000100000000)
  eden space 365056K, 0% used [0x00000000e0000000,0x00000000e0000000,0x00000000f6480000)
  from space 54784K, 0% used [0x00000000f6480000,0x00000000f6480000,0x00000000f9a00000)
  to   space 61952K, 0% used [0x00000000fc380000,0x00000000fc380000,0x0000000100000000)
 ParOldGen       total 425472K, used 260503K [0x00000000a0000000, 0x00000000b9f80000, 0x00000000e0000000)
  object space 425472K, 61% used [0x00000000a0000000,0x00000000afe65fa0,0x00000000b9f80000)
 Metaspace       used 75163K, capacity 78346K, committed 78592K, reserved 1118208K
  class space    used 9859K, capacity 10645K, committed 10752K, reserved 1048576K
}
Event: 1318.883 GC heap before
{Heap before GC invocations=38 (full 6):
 PSYoungGen      total 419840K, used 365056K [0x00000000e0000000, 0x0000000100000000, 0x0000000100000000)
  eden space 365056K, 100% used [0x00000000e0000000,0x00000000f6480000,0x00000000f6480000)
  from space 54784K, 0% used [0x00000000f6480000,0x00000000f6480000,0x00000000f9a00000)
  to   space 61952K, 0% used [0x00000000fc380000,0x00000000fc380000,0x0000000100000000)
 ParOldGen       total 425472K, used 260503K [0x00000000a0000000, 0x00000000b9f80000, 0x00000000e0000000)
  object space 425472K, 61% used [0x00000000a0000000,0x00000000afe65fa0,0x00000000b9f80000)
 Metaspace       used 75175K, capacity 78346K, committed 78592K, reserved 1118208K
  class space    used 9859K, capacity 10645K, committed 10752K, reserved 1048576K
Event: 1319.131 GC heap after
Heap after GC invocations=38 (full 6):
 PSYoungGen      total 450048K, used 53010K [0x00000000e0000000, 0x0000000100000000, 0x0000000100000000)
  eden space 388096K, 0% used [0x00000000e0000000,0x00000000e0000000,0x00000000f7b00000)
  from space 61952K, 85% used [0x00000000fc380000,0x00000000ff744b98,0x0000000100000000)
  to   space 68096K, 0% used [0x00000000f7b00000,0x00000000f7b00000,0x00000000fbd80000)
 ParOldGen       total 425472K, used 260511K [0x00000000a0000000, 0x00000000b9f80000, 0x00000000e0000000)
  object space 425472K, 61% used [0x00000000a0000000,0x00000000afe67fa0,0x00000000b9f80000)
 Metaspace       used 75175K, capacity 78346K, committed 78592K, reserved 1118208K
  class space    used 9859K, capacity 10645K, committed 10752K, reserved 1048576K
}
Event: 1320.701 GC heap before
{Heap before GC invocations=39 (full 6):
 PSYoungGen      total 450048K, used 441106K [0x00000000e0000000, 0x0000000100000000, 0x0000000100000000)
  eden space 388096K, 100% used [0x00000000e0000000,0x00000000f7b00000,0x00000000f7b00000)
  from space 61952K, 85% used [0x00000000fc380000,0x00000000ff744b98,0x0000000100000000)
  to   space 68096K, 0% used [0x00000000f7b00000,0x00000000f7b00000,0x00000000fbd80000)
 ParOldGen       total 425472K, used 260511K [0x00000000a0000000, 0x00000000b9f80000, 0x00000000e0000000)
  object space 425472K, 61% used [0x00000000a0000000,0x00000000afe67fa0,0x00000000b9f80000)
 Metaspace       used 75179K, capacity 78346K, committed 78592K, reserved 1118208K
  class space    used 9860K, capacity 10645K, committed 10752K, reserved 1048576K

