# JRE version: OpenJDK Runtime Environment (8.0_76-b03) (build 1.8.0_76-release-b03)
# Java VM: OpenJDK 64-Bit Server VM (25.76-b03 mixed mode windows-amd64 compressed oops)
Heap:
 PSYoungGen      total 353280K, used 353254K [0x00000000e0000000, 0x0000000100000000, 0x0000000100000000)
  eden space 245760K, 100% used [0x00000000e0000000,0x00000000ef000000,0x00000000ef000000)
  from space 107520K, 99% used [0x00000000ef000000,0x00000000f58f9980,0x00000000f5900000)
  to   space 150016K, 85% used [0x00000000f6d80000,0x00000000feb46798,0x0000000100000000)
 ParOldGen       total 278016K, used 169669K [0x00000000a0000000, 0x00000000b0f80000, 0x00000000e0000000)
  object space 278016K, 61% used [0x00000000a0000000,0x00000000aa5b1470,0x00000000b0f80000)
 Metaspace       used 74842K, capacity 78676K, committed 78720K, reserved 1118208K
  class space    used 9381K, capacity 10090K, committed 10112K, reserved 1048576K
GC Heap History (10 events):
Event: 1157.378 GC heap after
Heap after GC invocations=42 (full 8):
 PSYoungGen      total 333312K, used 91618K [0x00000000e0000000, 0x0000000100000000, 0x0000000100000000)
  eden space 241664K, 0% used [0x00000000e0000000,0x00000000e0000000,0x00000000eec00000)
  from space 91648K, 99% used [0x00000000fa680000,0x00000000ffff8910,0x0000000100000000)
  to   space 141312K, 0% used [0x00000000eec00000,0x00000000eec00000,0x00000000f7600000)
 ParOldGen       total 151552K, used 151299K [0x00000000a0000000, 0x00000000a9400000, 0x00000000e0000000)
  object space 151552K, 99% used [0x00000000a0000000,0x00000000a93c0d70,0x00000000a9400000)
 Metaspace       used 74835K, capacity 78682K, committed 78720K, reserved 1118208K
  class space    used 9382K, capacity 10091K, committed 10112K, reserved 1048576K
}
Event: 1157.378 GC heap before
{Heap before GC invocations=43 (full 9):
 PSYoungGen      total 333312K, used 91618K [0x00000000e0000000, 0x0000000100000000, 0x0000000100000000)
  eden space 241664K, 0% used [0x00000000e0000000,0x00000000e0000000,0x00000000eec00000)
  from space 91648K, 99% used [0x00000000fa680000,0x00000000ffff8910,0x0000000100000000)
  to   space 141312K, 0% used [0x00000000eec00000,0x00000000eec00000,0x00000000f7600000)
 ParOldGen       total 151552K, used 151299K [0x00000000a0000000, 0x00000000a9400000, 0x00000000e0000000)
  object space 151552K, 99% used [0x00000000a0000000,0x00000000a93c0d70,0x00000000a9400000)
 Metaspace       used 74835K, capacity 78682K, committed 78720K, reserved 1118208K
  class space    used 9382K, capacity 10091K, committed 10112K, reserved 1048576K
Event: 1158.573 GC heap after
Heap after GC invocations=43 (full 9):
 PSYoungGen      total 333312K, used 25315K [0x00000000e0000000, 0x0000000100000000, 0x0000000100000000)
  eden space 241664K, 0% used [0x00000000e0000000,0x00000000e0000000,0x00000000eec00000)
  from space 91648K, 27% used [0x00000000fa680000,0x00000000fbf38db8,0x0000000100000000)
  to   space 141312K, 0% used [0x00000000eec00000,0x00000000eec00000,0x00000000f7600000)
 ParOldGen       total 278016K, used 151186K [0x00000000a0000000, 0x00000000b0f80000, 0x00000000e0000000)
  object space 278016K, 54% used [0x00000000a0000000,0x00000000a93a48a8,0x00000000b0f80000)
 Metaspace       used 74833K, capacity 78676K, committed 78720K, reserved 1118208K
  class space    used 9381K, capacity 10090K, committed 10112K, reserved 1048576K
}
Event: 1159.400 GC heap before
{Heap before GC invocations=44 (full 9):
 PSYoungGen      total 333312K, used 266979K [0x00000000e0000000, 0x0000000100000000, 0x0000000100000000)
  eden space 241664K, 100% used [0x00000000e0000000,0x00000000eec00000,0x00000000eec00000)
  from space 91648K, 27% used [0x00000000fa680000,0x00000000fbf38db8,0x0000000100000000)
  to   space 141312K, 0% used [0x00000000eec00000,0x00000000eec00000,0x00000000f7600000)
 ParOldGen       total 278016K, used 151186K [0x00000000a0000000, 0x00000000b0f80000, 0x00000000e0000000)
  object space 278016K, 54% used [0x00000000a0000000,0x00000000a93a48a8,0x00000000b0f80000)
 Metaspace       used 74833K, capacity 78676K, committed 78720K, reserved 1118208K
  class space    used 9381K, capacity 10090K, committed 10112K, reserved 1048576K
Event: 1159.522 GC heap after
Heap after GC invocations=44 (full 9):
 PSYoungGen      total 382976K, used 62462K [0x00000000e0000000, 0x0000000100000000, 0x0000000100000000)
  eden space 241664K, 0% used [0x00000000e0000000,0x00000000e0000000,0x00000000eec00000)
  from space 141312K, 44% used [0x00000000eec00000,0x00000000f28ff830,0x00000000f7600000)
  to   space 136192K, 0% used [0x00000000f7b00000,0x00000000f7b00000,0x0000000100000000)
 ParOldGen       total 278016K, used 151330K [0x00000000a0000000, 0x00000000b0f80000, 0x00000000e0000000)
  object space 278016K, 54% used [0x00000000a0000000,0x00000000a93c88c8,0x00000000b0f80000)
 Metaspace       used 74833K, capacity 78676K, committed 78720K, reserved 1118208K
  class space    used 9381K, capacity 10090K, committed 10112K, reserved 1048576K
}
Event: 1160.283 GC heap before
{Heap before GC invocations=45 (full 9):
 PSYoungGen      total 382976K, used 304126K [0x00000000e0000000, 0x0000000100000000, 0x0000000100000000)
  eden space 241664K, 100% used [0x00000000e0000000,0x00000000eec00000,0x00000000eec00000)
  from space 141312K, 44% used [0x00000000eec00000,0x00000000f28ff830,0x00000000f7600000)
  to   space 136192K, 0% used [0x00000000f7b00000,0x00000000f7b00000,0x0000000100000000)
 ParOldGen       total 278016K, used 151330K [0x00000000a0000000, 0x00000000b0f80000, 0x00000000e0000000)
  object space 278016K, 54% used [0x00000000a0000000,0x00000000a93c88c8,0x00000000b0f80000)
 Metaspace       used 74836K, capacity 78676K, committed 78720K, reserved 1118208K
  class space    used 9381K, capacity 10090K, committed 10112K, reserved 1048576K
Event: 1160.402 GC heap after
Heap after GC invocations=45 (full 9):
 PSYoungGen      total 381952K, used 82847K [0x00000000e0000000, 0x0000000100000000, 0x0000000100000000)
  eden space 245760K, 0% used [0x00000000e0000000,0x00000000e0000000,0x00000000ef000000)
  from space 136192K, 60% used [0x00000000f7b00000,0x00000000fcbe7ca0,0x0000000100000000)
  to   space 139264K, 0% used [0x00000000ef000000,0x00000000ef000000,0x00000000f7800000)
 ParOldGen       total 278016K, used 151810K [0x00000000a0000000, 0x00000000b0f80000, 0x00000000e0000000)
  object space 278016K, 54% used [0x00000000a0000000,0x00000000a94408c8,0x00000000b0f80000)
 Metaspace       used 74836K, capacity 78676K, committed 78720K, reserved 1118208K
  class space    used 9381K, capacity 10090K, committed 10112K, reserved 1048576K
}
Event: 1161.126 GC heap before
{Heap before GC invocations=46 (full 9):
 PSYoungGen      total 381952K, used 328607K [0x00000000e0000000, 0x0000000100000000, 0x0000000100000000)
  eden space 245760K, 100% used [0x00000000e0000000,0x00000000ef000000,0x00000000ef000000)
  from space 136192K, 60% used [0x00000000f7b00000,0x00000000fcbe7ca0,0x0000000100000000)
  to   space 139264K, 0% used [0x00000000ef000000,0x00000000ef000000,0x00000000f7800000)
 ParOldGen       total 278016K, used 151810K [0x00000000a0000000, 0x00000000b0f80000, 0x00000000e0000000)
  object space 278016K, 54% used [0x00000000a0000000,0x00000000a94408c8,0x00000000b0f80000)
 Metaspace       used 74840K, capacity 78676K, committed 78720K, reserved 1118208K
  class space    used 9381K, capacity 10090K, committed 10112K, reserved 1048576K
Event: 1161.303 GC heap after
Heap after GC invocations=46 (full 9):
 PSYoungGen      total 353280K, used 107494K [0x00000000e0000000, 0x0000000100000000, 0x0000000100000000)
  eden space 245760K, 0% used [0x00000000e0000000,0x00000000e0000000,0x00000000ef000000)
  from space 107520K, 99% used [0x00000000ef000000,0x00000000f58f9980,0x00000000f5900000)
  to   space 150016K, 0% used [0x00000000f6d80000,0x00000000f6d80000,0x0000000100000000)
 ParOldGen       total 278016K, used 158538K [0x00000000a0000000, 0x00000000b0f80000, 0x00000000e0000000)
  object space 278016K, 57% used [0x00000000a0000000,0x00000000a9ad28e8,0x00000000b0f80000)
 Metaspace       used 74840K, capacity 78676K, committed 78720K, reserved 1118208K
  class space    used 9381K, capacity 10090K, committed 10112K, reserved 1048576K
}
Event: 1161.900 GC heap before
{Heap before GC invocations=47 (full 9):
 PSYoungGen      total 353280K, used 353254K [0x00000000e0000000, 0x0000000100000000, 0x0000000100000000)
  eden space 245760K, 100% used [0x00000000e0000000,0x00000000ef000000,0x00000000ef000000)
  from space 107520K, 99% used [0x00000000ef000000,0x00000000f58f9980,0x00000000f5900000)
  to   space 150016K, 0% used [0x00000000f6d80000,0x00000000f6d80000,0x0000000100000000)
 ParOldGen       total 278016K, used 158538K [0x00000000a0000000, 0x00000000b0f80000, 0x00000000e0000000)
  object space 278016K, 57% used [0x00000000a0000000,0x00000000a9ad28e8,0x00000000b0f80000)
 Metaspace       used 74842K, capacity 78676K, committed 78720K, reserved 1118208K
  class space    used 9381K, capacity 10090K, committed 10112K, reserved 1048576K

